[2025-05-14T19:33:21.016Z] TypeError: this.toggleViewFullscreen is not a function
    at IpcMainImpl.<anonymous> (C:\Users\Nick\Downloads\Soryns Lobby Manager 3.0\src\main\mainViewWindow.js:356:14)
    at IpcMainImpl.emit (node:events:514:28)
    at WebContents.<anonymous> (node:electron/js2c/browser_init:2:77786)
    at WebContents.emit (node:events:514:28)
[2025-05-14T19:33:24.148Z] TypeError: this.toggleViewFullscreen is not a function
    at IpcMainImpl.<anonymous> (C:\Users\Nick\Downloads\Soryns Lobby Manager 3.0\src\main\mainViewWindow.js:356:14)
    at IpcMainImpl.emit (node:events:514:28)
    at WebContents.<anonymous> (node:electron/js2c/browser_init:2:77786)
    at WebContents.emit (node:events:514:28)
[2025-05-14T19:33:25.287Z] TypeError: this.toggleViewFullscreen is not a function
    at IpcMainImpl.<anonymous> (C:\Users\Nick\Downloads\Soryns Lobby Manager 3.0\src\main\mainViewWindow.js:356:14)
    at IpcMainImpl.emit (node:events:514:28)
    at WebContents.<anonymous> (node:electron/js2c/browser_init:2:77786)
    at WebContents.emit (node:events:514:28)
[2025-05-14T19:34:45.554Z] TypeError: this.toggleViewFullscreen is not a function
    at IpcMainImpl.<anonymous> (C:\Users\Nick\Downloads\Soryns Lobby Manager 3.0\src\main\mainViewWindow.js:356:14)
    at IpcMainImpl.emit (node:events:514:28)
    at WebContents.<anonymous> (node:electron/js2c/browser_init:2:77786)
    at WebContents.emit (node:events:514:28)
[2025-05-14T19:34:46.104Z] TypeError: this.toggleViewFullscreen is not a function
    at IpcMainImpl.<anonymous> (C:\Users\Nick\Downloads\Soryns Lobby Manager 3.0\src\main\mainViewWindow.js:356:14)
    at IpcMainImpl.emit (node:events:514:28)
    at WebContents.<anonymous> (node:electron/js2c/browser_init:2:77786)
    at WebContents.emit (node:events:514:28)
[2025-05-14T19:34:46.269Z] TypeError: this.toggleViewFullscreen is not a function
    at IpcMainImpl.<anonymous> (C:\Users\Nick\Downloads\Soryns Lobby Manager 3.0\src\main\mainViewWindow.js:356:14)
    at IpcMainImpl.emit (node:events:514:28)
    at WebContents.<anonymous> (node:electron/js2c/browser_init:2:77786)
    at WebContents.emit (node:events:514:28)
[2025-05-14T19:34:46.425Z] TypeError: this.toggleViewFullscreen is not a function
    at IpcMainImpl.<anonymous> (C:\Users\Nick\Downloads\Soryns Lobby Manager 3.0\src\main\mainViewWindow.js:356:14)
    at IpcMainImpl.emit (node:events:514:28)
    at WebContents.<anonymous> (node:electron/js2c/browser_init:2:77786)
    at WebContents.emit (node:events:514:28)
[2025-05-14T19:34:46.575Z] TypeError: this.toggleViewFullscreen is not a function
    at IpcMainImpl.<anonymous> (C:\Users\Nick\Downloads\Soryns Lobby Manager 3.0\src\main\mainViewWindow.js:356:14)
    at IpcMainImpl.emit (node:events:514:28)
    at WebContents.<anonymous> (node:electron/js2c/browser_init:2:77786)
    at WebContents.emit (node:events:514:28)
[2025-05-14T19:34:46.707Z] TypeError: this.toggleViewFullscreen is not a function
    at IpcMainImpl.<anonymous> (C:\Users\Nick\Downloads\Soryns Lobby Manager 3.0\src\main\mainViewWindow.js:356:14)
    at IpcMainImpl.emit (node:events:514:28)
    at WebContents.<anonymous> (node:electron/js2c/browser_init:2:77786)
    at WebContents.emit (node:events:514:28)
[2025-05-14T19:34:49.689Z] TypeError: this.toggleViewFullscreen is not a function
    at IpcMainImpl.<anonymous> (C:\Users\Nick\Downloads\Soryns Lobby Manager 3.0\src\main\mainViewWindow.js:356:14)
    at IpcMainImpl.emit (node:events:514:28)
    at WebContents.<anonymous> (node:electron/js2c/browser_init:2:77786)
    at WebContents.emit (node:events:514:28)
[2025-05-14T19:34:49.848Z] TypeError: this.toggleViewFullscreen is not a function
    at IpcMainImpl.<anonymous> (C:\Users\Nick\Downloads\Soryns Lobby Manager 3.0\src\main\mainViewWindow.js:356:14)
    at IpcMainImpl.emit (node:events:514:28)
    at WebContents.<anonymous> (node:electron/js2c/browser_init:2:77786)
    at WebContents.emit (node:events:514:28)
[2025-05-14T19:34:49.969Z] TypeError: this.toggleViewFullscreen is not a function
    at IpcMainImpl.<anonymous> (C:\Users\Nick\Downloads\Soryns Lobby Manager 3.0\src\main\mainViewWindow.js:356:14)
    at IpcMainImpl.emit (node:events:514:28)
    at WebContents.<anonymous> (node:electron/js2c/browser_init:2:77786)
    at WebContents.emit (node:events:514:28)
[2025-05-14T19:37:49.590Z] TypeError: this.toggleViewFullscreen is not a function
    at IpcMainImpl.<anonymous> (C:\Users\Nick\Downloads\Soryns Lobby Manager 3.0\src\main\mainViewWindow.js:356:14)
    at IpcMainImpl.emit (node:events:514:28)
    at WebContents.<anonymous> (node:electron/js2c/browser_init:2:77786)
    at WebContents.emit (node:events:514:28)
[2025-05-14T19:37:53.066Z] TypeError: this.toggleViewFullscreen is not a function
    at IpcMainImpl.<anonymous> (C:\Users\Nick\Downloads\Soryns Lobby Manager 3.0\src\main\mainViewWindow.js:356:14)
    at IpcMainImpl.emit (node:events:514:28)
    at WebContents.<anonymous> (node:electron/js2c/browser_init:2:77786)
    at WebContents.emit (node:events:514:28)
[2025-05-14T19:37:54.630Z] TypeError: this.toggleViewFullscreen is not a function
    at IpcMainImpl.<anonymous> (C:\Users\Nick\Downloads\Soryns Lobby Manager 3.0\src\main\mainViewWindow.js:356:14)
    at IpcMainImpl.emit (node:events:514:28)
    at WebContents.<anonymous> (node:electron/js2c/browser_init:2:77786)
    at WebContents.emit (node:events:514:28)
[2025-05-14T19:39:16.450Z] TypeError: this.toggleViewFullscreen is not a function
    at IpcMainImpl.<anonymous> (C:\Users\Nick\Downloads\Soryns Lobby Manager 3.0\src\main\mainViewWindow.js:356:14)
    at IpcMainImpl.emit (node:events:514:28)
    at WebContents.<anonymous> (node:electron/js2c/browser_init:2:77786)
    at WebContents.emit (node:events:514:28)
[2025-05-14T19:39:18.940Z] TypeError: this.toggleViewFullscreen is not a function
    at IpcMainImpl.<anonymous> (C:\Users\Nick\Downloads\Soryns Lobby Manager 3.0\src\main\mainViewWindow.js:356:14)
    at IpcMainImpl.emit (node:events:514:28)
    at WebContents.<anonymous> (node:electron/js2c/browser_init:2:77786)
    at WebContents.emit (node:events:514:28)
[2025-05-14T19:39:35.832Z] TypeError: this.toggleViewFullscreen is not a function
    at IpcMainImpl.<anonymous> (C:\Users\Nick\Downloads\Soryns Lobby Manager 3.0\src\main\mainViewWindow.js:356:14)
    at IpcMainImpl.emit (node:events:514:28)
    at WebContents.<anonymous> (node:electron/js2c/browser_init:2:77786)
    at WebContents.emit (node:events:514:28)
[2025-05-14T19:39:38.867Z] TypeError: this.toggleViewFullscreen is not a function
    at IpcMainImpl.<anonymous> (C:\Users\Nick\Downloads\Soryns Lobby Manager 3.0\src\main\mainViewWindow.js:356:14)
    at IpcMainImpl.emit (node:events:514:28)
    at WebContents.<anonymous> (node:electron/js2c/browser_init:2:77786)
    at WebContents.emit (node:events:514:28)
[2025-05-14T19:39:40.100Z] TypeError: this.toggleViewFullscreen is not a function
    at IpcMainImpl.<anonymous> (C:\Users\Nick\Downloads\Soryns Lobby Manager 3.0\src\main\mainViewWindow.js:356:14)
    at IpcMainImpl.emit (node:events:514:28)
    at WebContents.<anonymous> (node:electron/js2c/browser_init:2:77786)
    at WebContents.emit (node:events:514:28)
[2025-05-14T19:41:15.402Z] TypeError: this.toggleViewFullscreen is not a function
    at IpcMainImpl.<anonymous> (C:\Users\Nick\Downloads\Soryns Lobby Manager 3.0\src\main\mainViewWindow.js:356:14)
    at IpcMainImpl.emit (node:events:514:28)
    at WebContents.<anonymous> (node:electron/js2c/browser_init:2:77786)
    at WebContents.emit (node:events:514:28)
[2025-05-14T19:41:19.048Z] TypeError: this.toggleViewFullscreen is not a function
    at IpcMainImpl.<anonymous> (C:\Users\Nick\Downloads\Soryns Lobby Manager 3.0\src\main\mainViewWindow.js:356:14)
    at IpcMainImpl.emit (node:events:514:28)
    at WebContents.<anonymous> (node:electron/js2c/browser_init:2:77786)
    at WebContents.emit (node:events:514:28)
[2025-05-14T19:43:07.429Z] TypeError: this.toggleViewFullscreen is not a function
    at IpcMainImpl.<anonymous> (C:\Users\Nick\Downloads\Soryns Lobby Manager 3.0\src\main\mainViewWindow.js:353:12)
    at IpcMainImpl.emit (node:events:514:28)
    at WebContents.<anonymous> (node:electron/js2c/browser_init:2:77786)
    at WebContents.emit (node:events:514:28)
[2025-05-14T19:43:08.964Z] TypeError: this.toggleViewFullscreen is not a function
    at IpcMainImpl.<anonymous> (C:\Users\Nick\Downloads\Soryns Lobby Manager 3.0\src\main\mainViewWindow.js:353:12)
    at IpcMainImpl.emit (node:events:514:28)
    at WebContents.<anonymous> (node:electron/js2c/browser_init:2:77786)
    at WebContents.emit (node:events:514:28)
[2025-05-14T19:43:10.250Z] TypeError: this.toggleViewFullscreen is not a function
    at IpcMainImpl.<anonymous> (C:\Users\Nick\Downloads\Soryns Lobby Manager 3.0\src\main\mainViewWindow.js:353:12)
    at IpcMainImpl.emit (node:events:514:28)
    at WebContents.<anonymous> (node:electron/js2c/browser_init:2:77786)
    at WebContents.emit (node:events:514:28)
[2025-05-14T19:43:12.083Z] TypeError: this.toggleViewFullscreen is not a function
    at IpcMainImpl.<anonymous> (C:\Users\Nick\Downloads\Soryns Lobby Manager 3.0\src\main\mainViewWindow.js:353:12)
    at IpcMainImpl.emit (node:events:514:28)
    at WebContents.<anonymous> (node:electron/js2c/browser_init:2:77786)
    at WebContents.emit (node:events:514:28)
[2025-05-14T19:43:13.154Z] TypeError: this.toggleViewFullscreen is not a function
    at IpcMainImpl.<anonymous> (C:\Users\Nick\Downloads\Soryns Lobby Manager 3.0\src\main\mainViewWindow.js:353:12)
    at IpcMainImpl.emit (node:events:514:28)
    at WebContents.<anonymous> (node:electron/js2c/browser_init:2:77786)
    at WebContents.emit (node:events:514:28)
[2025-05-14T19:43:43.069Z] TypeError: Cannot read properties of undefined (reading 'bind')
    at new MainViewWindow (C:\Users\Nick\Downloads\Soryns Lobby Manager 3.0\src\main\mainViewWindow.js:159:59)
    at createMainViewWindow (C:\Users\Nick\Downloads\Soryns Lobby Manager 3.0\src\main\mainViewWindow.js:2078:10)
    at IpcMainImpl.<anonymous> (C:\Users\Nick\Downloads\Soryns Lobby Manager 3.0\src\main\main.js:181:24)
    at IpcMainImpl.emit (node:events:514:28)
    at WebContents.<anonymous> (node:electron/js2c/browser_init:2:77786)
    at WebContents.emit (node:events:514:28)
[2025-05-14T19:43:49.661Z] TypeError: this.toggleViewFullscreen is not a function
    at IpcMainImpl.<anonymous> (C:\Users\Nick\Downloads\Soryns Lobby Manager 3.0\src\main\mainViewWindow.js:355:12)
    at IpcMainImpl.emit (node:events:514:28)
    at WebContents.<anonymous> (node:electron/js2c/browser_init:2:77786)
    at WebContents.emit (node:events:514:28)
[2025-05-14T19:45:29.090Z] TypeError: Cannot read properties of undefined (reading 'bind')
    at new MainViewWindow (C:\Users\Nick\Downloads\Soryns Lobby Manager 3.0\src\main\mainViewWindow.js:159:59)
    at createMainViewWindow (C:\Users\Nick\Downloads\Soryns Lobby Manager 3.0\src\main\mainViewWindow.js:2079:10)
    at IpcMainImpl.<anonymous> (C:\Users\Nick\Downloads\Soryns Lobby Manager 3.0\src\main\main.js:181:24)
    at IpcMainImpl.emit (node:events:514:28)
    at WebContents.<anonymous> (node:electron/js2c/browser_init:2:77786)
    at WebContents.emit (node:events:514:28)
[2025-05-14T19:45:34.884Z] TypeError: this.toggleViewFullscreen is not a function
    at IpcMainImpl.<anonymous> (C:\Users\Nick\Downloads\Soryns Lobby Manager 3.0\src\main\mainViewWindow.js:356:12)
    at IpcMainImpl.emit (node:events:514:28)
    at WebContents.<anonymous> (node:electron/js2c/browser_init:2:77786)
    at WebContents.emit (node:events:514:28)
[2025-05-14T19:45:40.111Z] TypeError: this.toggleViewFullscreen is not a function
    at IpcMainImpl.<anonymous> (C:\Users\Nick\Downloads\Soryns Lobby Manager 3.0\src\main\mainViewWindow.js:356:12)
    at IpcMainImpl.emit (node:events:514:28)
    at WebContents.<anonymous> (node:electron/js2c/browser_init:2:77786)
    at WebContents.emit (node:events:514:28)
[2025-05-14T19:48:11.880Z] TypeError: Cannot read properties of undefined (reading 'bind')
    at new MainViewWindow (C:\Users\Nick\Downloads\Soryns Lobby Manager 3.0\src\main\mainViewWindow.js:159:59)
    at createMainViewWindow (C:\Users\Nick\Downloads\Soryns Lobby Manager 3.0\src\main\mainViewWindow.js:2079:10)
    at IpcMainImpl.<anonymous> (C:\Users\Nick\Downloads\Soryns Lobby Manager 3.0\src\main\main.js:182:24)
    at IpcMainImpl.emit (node:events:514:28)
    at WebContents.<anonymous> (node:electron/js2c/browser_init:2:77786)
    at WebContents.emit (node:events:514:28)
[2025-05-14T19:50:02.746Z] TypeError: Cannot read properties of undefined (reading 'bind')
    at new MainViewWindow (C:\Users\Nick\Downloads\Soryns Lobby Manager 3.0\src\main\mainViewWindow.js:159:59)
    at createMainViewWindow (C:\Users\Nick\Downloads\Soryns Lobby Manager 3.0\src\main\mainViewWindow.js:2079:10)
    at IpcMainImpl.<anonymous> (C:\Users\Nick\Downloads\Soryns Lobby Manager 3.0\src\main\main.js:184:24)
    at IpcMainImpl.emit (node:events:514:28)
    at WebContents.<anonymous> (node:electron/js2c/browser_init:2:77786)
    at WebContents.emit (node:events:514:28)
[2025-05-14T19:52:17.130Z] TypeError: Cannot read properties of undefined (reading 'bind')
    at new MainViewWindow (C:\Users\Nick\Downloads\Soryns Lobby Manager 3.0\src\main\mainViewWindow.js:159:59)
    at createMainViewWindow (C:\Users\Nick\Downloads\Soryns Lobby Manager 3.0\src\main\mainViewWindow.js:2079:10)
    at IpcMainImpl.<anonymous> (C:\Users\Nick\Downloads\Soryns Lobby Manager 3.0\src\main\main.js:182:24)
    at IpcMainImpl.emit (node:events:514:28)
    at WebContents.<anonymous> (node:electron/js2c/browser_init:2:77786)
    at WebContents.emit (node:events:514:28)
[2025-05-14T19:52:22.036Z] TypeError: this.toggleViewFullscreen is not a function
    at IpcMainImpl.<anonymous> (C:\Users\Nick\Downloads\Soryns Lobby Manager 3.0\src\main\mainViewWindow.js:356:12)
    at IpcMainImpl.emit (node:events:514:28)
    at WebContents.<anonymous> (node:electron/js2c/browser_init:2:77786)
    at WebContents.emit (node:events:514:28)
[2025-05-14T19:52:33.265Z] TypeError: this.toggleViewFullscreen is not a function
    at IpcMainImpl.<anonymous> (C:\Users\Nick\Downloads\Soryns Lobby Manager 3.0\src\main\mainViewWindow.js:356:12)
    at IpcMainImpl.emit (node:events:514:28)
    at WebContents.<anonymous> (node:electron/js2c/browser_init:2:77786)
    at WebContents.emit (node:events:514:28)
[2025-05-14T20:03:44.208Z] TypeError: Cannot read properties of undefined (reading 'bind')
    at new MainViewWindow (C:\Users\Nick\Downloads\Soryns Lobby Manager 3.0\src\main\mainViewWindow.js:159:59)
    at createMainViewWindow (C:\Users\Nick\Downloads\Soryns Lobby Manager 3.0\src\main\mainViewWindow.js:2079:10)
    at IpcMainImpl.<anonymous> (C:\Users\Nick\Downloads\Soryns Lobby Manager 3.0\src\main\main.js:182:24)
    at IpcMainImpl.emit (node:events:514:28)
    at WebContents.<anonymous> (node:electron/js2c/browser_init:2:77786)
    at WebContents.emit (node:events:514:28)
[2025-05-14T20:04:29.700Z] TypeError: this.reloadSettingsAndUpdateViews is not a function
    at IpcMainImpl.<anonymous> (C:\Users\Nick\Downloads\Soryns Lobby Manager 3.0\src\main\mainViewWindow.js:377:14)
    at IpcMainImpl.emit (node:events:514:28)
    at WebContents.<anonymous> (node:electron/js2c/browser_init:2:77786)
    at WebContents.emit (node:events:514:28)
[2025-05-14T20:07:06.701Z] TypeError: Cannot read properties of undefined (reading 'bind')
    at new MainViewWindow (C:\Users\Nick\Downloads\Soryns Lobby Manager 3.0\src\main\mainViewWindow.js:159:59)
    at createMainViewWindow (C:\Users\Nick\Downloads\Soryns Lobby Manager 3.0\src\main\mainViewWindow.js:2079:10)
    at IpcMainImpl.<anonymous> (C:\Users\Nick\Downloads\Soryns Lobby Manager 3.0\src\main\main.js:182:24)
    at IpcMainImpl.emit (node:events:514:28)
    at WebContents.<anonymous> (node:electron/js2c/browser_init:2:77786)
    at WebContents.emit (node:events:514:28)
[2025-05-14T20:07:15.826Z] TypeError: this.reloadSettingsAndUpdateViews is not a function
    at IpcMainImpl.<anonymous> (C:\Users\Nick\Downloads\Soryns Lobby Manager 3.0\src\main\mainViewWindow.js:377:14)
    at IpcMainImpl.emit (node:events:514:28)
    at WebContents.<anonymous> (node:electron/js2c/browser_init:2:77786)
    at WebContents.emit (node:events:514:28)
[2025-05-14T20:12:24.274Z] TypeError: this.toggleViewFullscreen is not a function
    at IpcMainImpl.<anonymous> (C:\Users\Nick\Downloads\Soryns Lobby Manager 3.0\src\main\mainViewWindow.js:356:12)
    at IpcMainImpl.emit (node:events:514:28)
    at WebContents.<anonymous> (node:electron/js2c/browser_init:2:77786)
    at WebContents.emit (node:events:514:28)
[2025-05-14T20:12:25.828Z] TypeError: this.toggleViewFullscreen is not a function
    at IpcMainImpl.<anonymous> (C:\Users\Nick\Downloads\Soryns Lobby Manager 3.0\src\main\mainViewWindow.js:356:12)
    at IpcMainImpl.emit (node:events:514:28)
    at WebContents.<anonymous> (node:electron/js2c/browser_init:2:77786)
    at WebContents.emit (node:events:514:28)
[2025-05-14T20:13:14.341Z] TypeError: this.toggleViewFullscreen is not a function
    at IpcMainImpl.<anonymous> (C:\Users\Nick\Downloads\Soryns Lobby Manager 3.0\src\main\mainViewWindow.js:356:12)
    at IpcMainImpl.emit (node:events:514:28)
    at WebContents.<anonymous> (node:electron/js2c/browser_init:2:77786)
    at WebContents.emit (node:events:514:28)
[2025-05-14T20:13:14.784Z] TypeError: this.toggleViewFullscreen is not a function
    at IpcMainImpl.<anonymous> (C:\Users\Nick\Downloads\Soryns Lobby Manager 3.0\src\main\mainViewWindow.js:356:12)
    at IpcMainImpl.emit (node:events:514:28)
    at WebContents.<anonymous> (node:electron/js2c/browser_init:2:77786)
    at WebContents.emit (node:events:514:28)
[2025-05-14T21:21:56.410Z] ReferenceError: mainViewWindow is not defined
    at IpcMainImpl.<anonymous> (C:\Users\Nick\Downloads\Soryns Lobby Manager 3.0\src\main\mainViewWindow.js:2396:3)
    at IpcMainImpl.emit (node:events:514:28)
    at WebContents.<anonymous> (node:electron/js2c/browser_init:2:77786)
    at WebContents.emit (node:events:514:28)
[2025-05-14T21:23:07.902Z] ReferenceError: mainViewWindow is not defined
    at IpcMainImpl.<anonymous> (C:\Users\Nick\Downloads\Soryns Lobby Manager 3.0\src\main\mainViewWindow.js:2396:3)
    at IpcMainImpl.emit (node:events:514:28)
    at WebContents.<anonymous> (node:electron/js2c/browser_init:2:77786)
    at WebContents.emit (node:events:514:28)
[2025-05-14T21:24:56.634Z] ReferenceError: mainViewWindow is not defined
    at IpcMainImpl.<anonymous> (C:\Users\Nick\Downloads\Soryns Lobby Manager 3.0\src\main\mainViewWindow.js:2396:3)
    at IpcMainImpl.emit (node:events:514:28)
    at WebContents.<anonymous> (node:electron/js2c/browser_init:2:77786)
    at WebContents.emit (node:events:514:28)
[2025-05-14T23:49:05.746Z] TypeError: mainViewWindow.executeMacro is not a function
    at IpcMainImpl.<anonymous> (C:\Users\Nick\Downloads\Soryns Lobby Manager 3.0\src\main\main.js:199:24)
    at IpcMainImpl.emit (node:events:526:35)
    at WebContents.<anonymous> (node:electron/js2c/browser_init:2:77786)
    at WebContents.emit (node:events:514:28)
[2025-05-15T00:16:35.498Z] TypeError: mainViewWindow.executeMacro is not a function
    at IpcMainImpl.<anonymous> (C:\Users\Nick\Downloads\Soryns Lobby Manager 3.0\src\main\main.js:199:24)
    at IpcMainImpl.emit (node:events:526:35)
    at WebContents.<anonymous> (node:electron/js2c/browser_init:2:77786)
    at WebContents.emit (node:events:514:28)
[2025-05-15T00:16:36.906Z] TypeError: mainViewWindow.executeMacro is not a function
    at IpcMainImpl.<anonymous> (C:\Users\Nick\Downloads\Soryns Lobby Manager 3.0\src\main\main.js:199:24)
    at IpcMainImpl.emit (node:events:526:35)
    at WebContents.<anonymous> (node:electron/js2c/browser_init:2:77786)
    at WebContents.emit (node:events:514:28)
[2025-05-15T00:29:17.395Z] TypeError: mainViewWindow.handleSynchronizedKeyboard is not a function
    at IpcMainImpl.<anonymous> (C:\Users\Nick\Downloads\Soryns Lobby Manager 3.0\src\main\main.js:251:24)
    at IpcMainImpl.emit (node:events:526:35)
    at WebContents.<anonymous> (node:electron/js2c/browser_init:2:77786)
    at WebContents.emit (node:events:514:28)
[2025-05-15T00:29:17.517Z] TypeError: mainViewWindow.handleSynchronizedKeyboard is not a function
    at IpcMainImpl.<anonymous> (C:\Users\Nick\Downloads\Soryns Lobby Manager 3.0\src\main\main.js:251:24)
    at IpcMainImpl.emit (node:events:526:35)
    at WebContents.<anonymous> (node:electron/js2c/browser_init:2:77786)
    at WebContents.emit (node:events:514:28)
[2025-05-15T00:29:17.544Z] TypeError: mainViewWindow.handleSynchronizedKeyboard is not a function
    at IpcMainImpl.<anonymous> (C:\Users\Nick\Downloads\Soryns Lobby Manager 3.0\src\main\main.js:251:24)
    at IpcMainImpl.emit (node:events:526:35)
    at WebContents.<anonymous> (node:electron/js2c/browser_init:2:77786)
    at WebContents.emit (node:events:514:28)
[2025-05-15T00:29:17.550Z] TypeError: mainViewWindow.handleSynchronizedKeyboard is not a function
    at IpcMainImpl.<anonymous> (C:\Users\Nick\Downloads\Soryns Lobby Manager 3.0\src\main\main.js:251:24)
    at IpcMainImpl.emit (node:events:526:35)
    at WebContents.<anonymous> (node:electron/js2c/browser_init:2:77786)
    at WebContents.emit (node:events:514:28)
[2025-05-15T00:29:17.679Z] TypeError: mainViewWindow.handleSynchronizedKeyboard is not a function
    at IpcMainImpl.<anonymous> (C:\Users\Nick\Downloads\Soryns Lobby Manager 3.0\src\main\main.js:251:24)
    at IpcMainImpl.emit (node:events:526:35)
    at WebContents.<anonymous> (node:electron/js2c/browser_init:2:77786)
    at WebContents.emit (node:events:514:28)
[2025-05-15T00:29:17.684Z] TypeError: mainViewWindow.handleSynchronizedKeyboard is not a function
    at IpcMainImpl.<anonymous> (C:\Users\Nick\Downloads\Soryns Lobby Manager 3.0\src\main\main.js:251:24)
    at IpcMainImpl.emit (node:events:526:35)
    at WebContents.<anonymous> (node:electron/js2c/browser_init:2:77786)
    at WebContents.emit (node:events:514:28)
[2025-05-15T00:29:17.918Z] TypeError: mainViewWindow.handleSynchronizedKeyboard is not a function
    at IpcMainImpl.<anonymous> (C:\Users\Nick\Downloads\Soryns Lobby Manager 3.0\src\main\main.js:251:24)
    at IpcMainImpl.emit (node:events:526:35)
    at WebContents.<anonymous> (node:electron/js2c/browser_init:2:77786)
    at WebContents.emit (node:events:514:28)
[2025-05-15T00:29:18.022Z] TypeError: mainViewWindow.handleSynchronizedKeyboard is not a function
    at IpcMainImpl.<anonymous> (C:\Users\Nick\Downloads\Soryns Lobby Manager 3.0\src\main\main.js:251:24)
    at IpcMainImpl.emit (node:events:526:35)
    at WebContents.<anonymous> (node:electron/js2c/browser_init:2:77786)
    at WebContents.emit (node:events:514:28)
[2025-05-15T00:29:18.028Z] TypeError: mainViewWindow.handleSynchronizedKeyboard is not a function
    at IpcMainImpl.<anonymous> (C:\Users\Nick\Downloads\Soryns Lobby Manager 3.0\src\main\main.js:251:24)
    at IpcMainImpl.emit (node:events:526:35)
    at WebContents.<anonymous> (node:electron/js2c/browser_init:2:77786)
    at WebContents.emit (node:events:514:28)
[2025-05-15T00:29:18.055Z] TypeError: mainViewWindow.handleSynchronizedKeyboard is not a function
    at IpcMainImpl.<anonymous> (C:\Users\Nick\Downloads\Soryns Lobby Manager 3.0\src\main\main.js:251:24)
    at IpcMainImpl.emit (node:events:526:35)
    at WebContents.<anonymous> (node:electron/js2c/browser_init:2:77786)
    at WebContents.emit (node:events:514:28)
[2025-05-15T00:29:18.492Z] TypeError: mainViewWindow.handleSynchronizedKeyboard is not a function
    at IpcMainImpl.<anonymous> (C:\Users\Nick\Downloads\Soryns Lobby Manager 3.0\src\main\main.js:251:24)
    at IpcMainImpl.emit (node:events:526:35)
    at WebContents.<anonymous> (node:electron/js2c/browser_init:2:77786)
    at WebContents.emit (node:events:514:28)
[2025-05-15T00:29:18.545Z] TypeError: mainViewWindow.handleSynchronizedKeyboard is not a function
    at IpcMainImpl.<anonymous> (C:\Users\Nick\Downloads\Soryns Lobby Manager 3.0\src\main\main.js:251:24)
    at IpcMainImpl.emit (node:events:526:35)
    at WebContents.<anonymous> (node:electron/js2c/browser_init:2:77786)
    at WebContents.emit (node:events:514:28)
[2025-05-15T00:29:18.549Z] TypeError: mainViewWindow.handleSynchronizedKeyboard is not a function
    at IpcMainImpl.<anonymous> (C:\Users\Nick\Downloads\Soryns Lobby Manager 3.0\src\main\main.js:251:24)
    at IpcMainImpl.emit (node:events:526:35)
    at WebContents.<anonymous> (node:electron/js2c/browser_init:2:77786)
    at WebContents.emit (node:events:514:28)
[2025-05-15T00:29:18.861Z] TypeError: mainViewWindow.handleSynchronizedKeyboard is not a function
    at IpcMainImpl.<anonymous> (C:\Users\Nick\Downloads\Soryns Lobby Manager 3.0\src\main\main.js:251:24)
    at IpcMainImpl.emit (node:events:526:35)
    at WebContents.<anonymous> (node:electron/js2c/browser_init:2:77786)
    at WebContents.emit (node:events:514:28)
[2025-05-15T00:29:18.916Z] TypeError: mainViewWindow.handleSynchronizedKeyboard is not a function
    at IpcMainImpl.<anonymous> (C:\Users\Nick\Downloads\Soryns Lobby Manager 3.0\src\main\main.js:251:24)
    at IpcMainImpl.emit (node:events:526:35)
    at WebContents.<anonymous> (node:electron/js2c/browser_init:2:77786)
    at WebContents.emit (node:events:514:28)
[2025-05-15T00:29:18.920Z] TypeError: mainViewWindow.handleSynchronizedKeyboard is not a function
    at IpcMainImpl.<anonymous> (C:\Users\Nick\Downloads\Soryns Lobby Manager 3.0\src\main\main.js:251:24)
    at IpcMainImpl.emit (node:events:526:35)
    at WebContents.<anonymous> (node:electron/js2c/browser_init:2:77786)
    at WebContents.emit (node:events:514:28)
[2025-05-15T00:29:18.945Z] TypeError: mainViewWindow.handleSynchronizedKeyboard is not a function
    at IpcMainImpl.<anonymous> (C:\Users\Nick\Downloads\Soryns Lobby Manager 3.0\src\main\main.js:251:24)
    at IpcMainImpl.emit (node:events:526:35)
    at WebContents.<anonymous> (node:electron/js2c/browser_init:2:77786)
    at WebContents.emit (node:events:514:28)
[2025-05-15T00:29:19.028Z] TypeError: mainViewWindow.handleSynchronizedKeyboard is not a function
    at IpcMainImpl.<anonymous> (C:\Users\Nick\Downloads\Soryns Lobby Manager 3.0\src\main\main.js:251:24)
    at IpcMainImpl.emit (node:events:526:35)
    at WebContents.<anonymous> (node:electron/js2c/browser_init:2:77786)
    at WebContents.emit (node:events:514:28)
[2025-05-15T00:29:19.132Z] TypeError: mainViewWindow.handleSynchronizedKeyboard is not a function
    at IpcMainImpl.<anonymous> (C:\Users\Nick\Downloads\Soryns Lobby Manager 3.0\src\main\main.js:251:24)
    at IpcMainImpl.emit (node:events:526:35)
    at WebContents.<anonymous> (node:electron/js2c/browser_init:2:77786)
    at WebContents.emit (node:events:514:28)
[2025-05-15T00:29:19.160Z] TypeError: mainViewWindow.handleSynchronizedKeyboard is not a function
    at IpcMainImpl.<anonymous> (C:\Users\Nick\Downloads\Soryns Lobby Manager 3.0\src\main\main.js:251:24)
    at IpcMainImpl.emit (node:events:526:35)
    at WebContents.<anonymous> (node:electron/js2c/browser_init:2:77786)
    at WebContents.emit (node:events:514:28)
[2025-05-15T00:29:19.570Z] TypeError: mainViewWindow.handleSynchronizedKeyboard is not a function
    at IpcMainImpl.<anonymous> (C:\Users\Nick\Downloads\Soryns Lobby Manager 3.0\src\main\main.js:251:24)
    at IpcMainImpl.emit (node:events:526:35)
    at WebContents.<anonymous> (node:electron/js2c/browser_init:2:77786)
    at WebContents.emit (node:events:514:28)
[2025-05-15T00:29:19.575Z] TypeError: mainViewWindow.handleSynchronizedKeyboard is not a function
    at IpcMainImpl.<anonymous> (C:\Users\Nick\Downloads\Soryns Lobby Manager 3.0\src\main\main.js:251:24)
    at IpcMainImpl.emit (node:events:526:35)
    at WebContents.<anonymous> (node:electron/js2c/browser_init:2:77786)
    at WebContents.emit (node:events:514:28)
[2025-05-15T00:29:19.679Z] TypeError: mainViewWindow.handleSynchronizedKeyboard is not a function
    at IpcMainImpl.<anonymous> (C:\Users\Nick\Downloads\Soryns Lobby Manager 3.0\src\main\main.js:251:24)
    at IpcMainImpl.emit (node:events:526:35)
    at WebContents.<anonymous> (node:electron/js2c/browser_init:2:77786)
    at WebContents.emit (node:events:514:28)
[2025-05-15T00:29:19.688Z] TypeError: mainViewWindow.handleSynchronizedKeyboard is not a function
    at IpcMainImpl.<anonymous> (C:\Users\Nick\Downloads\Soryns Lobby Manager 3.0\src\main\main.js:251:24)
    at IpcMainImpl.emit (node:events:526:35)
    at WebContents.<anonymous> (node:electron/js2c/browser_init:2:77786)
    at WebContents.emit (node:events:514:28)
[2025-05-15T00:29:19.714Z] TypeError: mainViewWindow.handleSynchronizedKeyboard is not a function
    at IpcMainImpl.<anonymous> (C:\Users\Nick\Downloads\Soryns Lobby Manager 3.0\src\main\main.js:251:24)
    at IpcMainImpl.emit (node:events:526:35)
    at WebContents.<anonymous> (node:electron/js2c/browser_init:2:77786)
    at WebContents.emit (node:events:514:28)
[2025-05-15T00:29:19.869Z] TypeError: mainViewWindow.handleSynchronizedKeyboard is not a function
    at IpcMainImpl.<anonymous> (C:\Users\Nick\Downloads\Soryns Lobby Manager 3.0\src\main\main.js:251:24)
    at IpcMainImpl.emit (node:events:526:35)
    at WebContents.<anonymous> (node:electron/js2c/browser_init:2:77786)
    at WebContents.emit (node:events:514:28)
[2025-05-15T00:29:19.874Z] TypeError: mainViewWindow.handleSynchronizedKeyboard is not a function
    at IpcMainImpl.<anonymous> (C:\Users\Nick\Downloads\Soryns Lobby Manager 3.0\src\main\main.js:251:24)
    at IpcMainImpl.emit (node:events:526:35)
    at WebContents.<anonymous> (node:electron/js2c/browser_init:2:77786)
    at WebContents.emit (node:events:514:28)
[2025-05-15T00:29:19.880Z] TypeError: mainViewWindow.handleSynchronizedKeyboard is not a function
    at IpcMainImpl.<anonymous> (C:\Users\Nick\Downloads\Soryns Lobby Manager 3.0\src\main\main.js:251:24)
    at IpcMainImpl.emit (node:events:526:35)
    at WebContents.<anonymous> (node:electron/js2c/browser_init:2:77786)
    at WebContents.emit (node:events:514:28)
[2025-05-15T00:29:19.885Z] TypeError: mainViewWindow.handleSynchronizedKeyboard is not a function
    at IpcMainImpl.<anonymous> (C:\Users\Nick\Downloads\Soryns Lobby Manager 3.0\src\main\main.js:251:24)
    at IpcMainImpl.emit (node:events:526:35)
    at WebContents.<anonymous> (node:electron/js2c/browser_init:2:77786)
    at WebContents.emit (node:events:514:28)
[2025-05-15T00:29:19.914Z] TypeError: mainViewWindow.handleSynchronizedKeyboard is not a function
    at IpcMainImpl.<anonymous> (C:\Users\Nick\Downloads\Soryns Lobby Manager 3.0\src\main\main.js:251:24)
    at IpcMainImpl.emit (node:events:526:35)
    at WebContents.<anonymous> (node:electron/js2c/browser_init:2:77786)
    at WebContents.emit (node:events:514:28)
[2025-05-15T00:29:19.996Z] TypeError: mainViewWindow.handleSynchronizedKeyboard is not a function
    at IpcMainImpl.<anonymous> (C:\Users\Nick\Downloads\Soryns Lobby Manager 3.0\src\main\main.js:251:24)
    at IpcMainImpl.emit (node:events:526:35)
    at WebContents.<anonymous> (node:electron/js2c/browser_init:2:77786)
    at WebContents.emit (node:events:514:28)
[2025-05-15T00:29:20.022Z] TypeError: mainViewWindow.handleSynchronizedKeyboard is not a function
    at IpcMainImpl.<anonymous> (C:\Users\Nick\Downloads\Soryns Lobby Manager 3.0\src\main\main.js:251:24)
    at IpcMainImpl.emit (node:events:526:35)
    at WebContents.<anonymous> (node:electron/js2c/browser_init:2:77786)
    at WebContents.emit (node:events:514:28)
[2025-05-15T00:29:20.028Z] TypeError: mainViewWindow.handleSynchronizedKeyboard is not a function
    at IpcMainImpl.<anonymous> (C:\Users\Nick\Downloads\Soryns Lobby Manager 3.0\src\main\main.js:251:24)
    at IpcMainImpl.emit (node:events:526:35)
    at WebContents.<anonymous> (node:electron/js2c/browser_init:2:77786)
    at WebContents.emit (node:events:514:28)
[2025-05-15T00:29:20.055Z] TypeError: mainViewWindow.handleSynchronizedKeyboard is not a function
    at IpcMainImpl.<anonymous> (C:\Users\Nick\Downloads\Soryns Lobby Manager 3.0\src\main\main.js:251:24)
    at IpcMainImpl.emit (node:events:526:35)
    at WebContents.<anonymous> (node:electron/js2c/browser_init:2:77786)
    at WebContents.emit (node:events:514:28)
[2025-05-15T00:29:20.112Z] TypeError: mainViewWindow.handleSynchronizedKeyboard is not a function
    at IpcMainImpl.<anonymous> (C:\Users\Nick\Downloads\Soryns Lobby Manager 3.0\src\main\main.js:251:24)
    at IpcMainImpl.emit (node:events:526:35)
    at WebContents.<anonymous> (node:electron/js2c/browser_init:2:77786)
    at WebContents.emit (node:events:514:28)
[2025-05-15T00:29:20.143Z] TypeError: mainViewWindow.handleSynchronizedKeyboard is not a function
    at IpcMainImpl.<anonymous> (C:\Users\Nick\Downloads\Soryns Lobby Manager 3.0\src\main\main.js:251:24)
    at IpcMainImpl.emit (node:events:526:35)
    at WebContents.<anonymous> (node:electron/js2c/browser_init:2:77786)
    at WebContents.emit (node:events:514:28)
[2025-05-15T00:33:45.813Z] TypeError: mainViewWindow.executeMacro is not a function
    at IpcMainImpl.<anonymous> (C:\Users\Nick\Downloads\Soryns Lobby Manager 3.0\src\main\main.js:199:24)
    at IpcMainImpl.emit (node:events:526:35)
    at WebContents.<anonymous> (node:electron/js2c/browser_init:2:77786)
    at WebContents.emit (node:events:514:28)
[2025-05-15T00:34:04.285Z] TypeError: mainViewWindow.executeMacro is not a function
    at IpcMainImpl.<anonymous> (C:\Users\Nick\Downloads\Soryns Lobby Manager 3.0\src\main\main.js:199:24)
    at IpcMainImpl.emit (node:events:526:35)
    at WebContents.<anonymous> (node:electron/js2c/browser_init:2:77786)
    at WebContents.emit (node:events:514:28)
[2025-05-15T00:34:06.148Z] TypeError: mainViewWindow.executeMacro is not a function
    at IpcMainImpl.<anonymous> (C:\Users\Nick\Downloads\Soryns Lobby Manager 3.0\src\main\main.js:199:24)
    at IpcMainImpl.emit (node:events:526:35)
    at WebContents.<anonymous> (node:electron/js2c/browser_init:2:77786)
    at WebContents.emit (node:events:514:28)
[2025-05-15T00:34:28.119Z] TypeError: mainViewWindow.executeMacro is not a function
    at IpcMainImpl.<anonymous> (C:\Users\Nick\Downloads\Soryns Lobby Manager 3.0\src\main\main.js:199:24)
    at IpcMainImpl.emit (node:events:526:35)
    at WebContents.<anonymous> (node:electron/js2c/browser_init:2:77786)
    at WebContents.emit (node:events:514:28)
[2025-05-15T00:34:40.779Z] TypeError: mainViewWindow.executeMacro is not a function
    at IpcMainImpl.<anonymous> (C:\Users\Nick\Downloads\Soryns Lobby Manager 3.0\src\main\main.js:199:24)
    at IpcMainImpl.emit (node:events:526:35)
    at WebContents.<anonymous> (node:electron/js2c/browser_init:2:77786)
    at WebContents.emit (node:events:514:28)
[2025-05-15T00:37:26.776Z] TypeError: mainViewWindow.executeMacro is not a function
    at IpcMainImpl.<anonymous> (C:\Users\Nick\Downloads\Soryns Lobby Manager 3.0\src\main\main.js:199:24)
    at IpcMainImpl.emit (node:events:526:35)
    at WebContents.<anonymous> (node:electron/js2c/browser_init:2:77786)
    at WebContents.emit (node:events:514:28)
[2025-05-15T00:37:50.311Z] TypeError: mainViewWindow.executeMacro is not a function
    at IpcMainImpl.<anonymous> (C:\Users\Nick\Downloads\Soryns Lobby Manager 3.0\src\main\main.js:199:24)
    at IpcMainImpl.emit (node:events:526:35)
    at WebContents.<anonymous> (node:electron/js2c/browser_init:2:77786)
    at WebContents.emit (node:events:514:28)
[2025-05-15T00:37:52.395Z] TypeError: mainViewWindow.executeMacro is not a function
    at IpcMainImpl.<anonymous> (C:\Users\Nick\Downloads\Soryns Lobby Manager 3.0\src\main\main.js:199:24)
    at IpcMainImpl.emit (node:events:526:35)
    at WebContents.<anonymous> (node:electron/js2c/browser_init:2:77786)
    at WebContents.emit (node:events:514:28)
